Using pre-set license
Built from '2021.3/staging' branch; Version is '2021.3.24f1 (cf10dcf7010d) revision 13570268'; Using compiler version '192829333'; Build Type 'Release'
OS: 'Windows 11  (10.0.22621) 64bit CoreSingleLanguage' Language: 'tr' Physical Memory: 7971 MB
BatchMode: 1, IsHumanControllingUs: 0, StartBugReporterOnCrash: 0, Is64bit: 1, IsPro: 1

COMMAND LINE ARGUMENTS:
C:\Program Files\Unity\Hub\Editor\2021.3.24f1\Editor\Unity.exe
-adb2
-batchMode
-noUpm
-name
AssetImportWorker0
-projectPath
C:/Users/yasin/OneDrive/Belgeler/Win-War/Win-War
-logFile
Logs/AssetImportWorker0.log
-srvPort
53216
Successfully changed project path to: C:/Users/yasin/OneDrive/Belgeler/Win-War/Win-War
C:/Users/yasin/OneDrive/Belgeler/Win-War/Win-War
[UnityMemory] Configuration Parameters - Can be set up in boot.config
    "memorysetup-bucket-allocator-granularity=16"
    "memorysetup-bucket-allocator-bucket-count=8"
    "memorysetup-bucket-allocator-block-size=33554432"
    "memorysetup-bucket-allocator-block-count=8"
    "memorysetup-main-allocator-block-size=16777216"
    "memorysetup-thread-allocator-block-size=16777216"
    "memorysetup-gfx-main-allocator-block-size=16777216"
    "memorysetup-gfx-thread-allocator-block-size=16777216"
    "memorysetup-cache-allocator-block-size=4194304"
    "memorysetup-typetree-allocator-block-size=2097152"
    "memorysetup-profiler-bucket-allocator-granularity=16"
    "memorysetup-profiler-bucket-allocator-bucket-count=8"
    "memorysetup-profiler-bucket-allocator-block-size=33554432"
    "memorysetup-profiler-bucket-allocator-block-count=8"
    "memorysetup-profiler-allocator-block-size=16777216"
    "memorysetup-profiler-editor-allocator-block-size=1048576"
    "memorysetup-temp-allocator-size-main=16777216"
    "memorysetup-job-temp-allocator-block-size=2097152"
    "memorysetup-job-temp-allocator-block-size-background=1048576"
    "memorysetup-job-temp-allocator-reduction-small-platforms=262144"
    "memorysetup-temp-allocator-size-background-worker=32768"
    "memorysetup-temp-allocator-size-job-worker=262144"
    "memorysetup-temp-allocator-size-preload-manager=33554432"
    "memorysetup-temp-allocator-size-nav-mesh-worker=65536"
    "memorysetup-temp-allocator-size-audio-worker=65536"
    "memorysetup-temp-allocator-size-cloud-worker=32768"
    "memorysetup-temp-allocator-size-gi-baking-worker=262144"
    "memorysetup-temp-allocator-size-gfx=262144"
Player connection [16000] Host "[IP] 192.168.1.104 [Port] 0 [Flags] 2 [Guid] 3672973677 [EditorId] 3672973677 [Version] 1048832 [Id] WindowsEditor(7,Enes) [Debug] 1 [PackageName] WindowsEditor [ProjectName] Editor" joined multi-casting on [225.0.0.222:54997]...

Player connection [16000] Host "[IP] 192.168.1.104 [Port] 0 [Flags] 2 [Guid] 3672973677 [EditorId] 3672973677 [Version] 1048832 [Id] WindowsEditor(7,Enes) [Debug] 1 [PackageName] WindowsEditor [ProjectName] Editor" joined alternative multi-casting on [225.0.0.222:34997]...

Refreshing native plugins compatible for Editor in 55.96 ms, found 3 plugins.
Preloading 0 native plugins for Editor in 0.00 ms.
Initialize engine version: 2021.3.24f1 (cf10dcf7010d)
[Subsystems] Discovering subsystems at path C:/Program Files/Unity/Hub/Editor/2021.3.24f1/Editor/Data/Resources/UnitySubsystems
[Subsystems] Discovering subsystems at path C:/Users/yasin/OneDrive/Belgeler/Win-War/Win-War/Assets
GfxDevice: creating device client; threaded=0; jobified=0
Direct3D:
    Version:  Direct3D 11.0 [level 11.1]
    Renderer: NVIDIA GeForce RTX 3050 Ti Laptop GPU (ID=0x25a0)
    Vendor:   NVIDIA
    VRAM:     3976 MB
    Driver:   31.0.15.3598
Initialize mono
Mono path[0] = 'C:/Program Files/Unity/Hub/Editor/2021.3.24f1/Editor/Data/Managed'
Mono path[1] = 'C:/Program Files/Unity/Hub/Editor/2021.3.24f1/Editor/Data/MonoBleedingEdge/lib/mono/unityjit-win32'
Mono config path = 'C:/Program Files/Unity/Hub/Editor/2021.3.24f1/Editor/Data/MonoBleedingEdge/etc'
Using monoOptions --debugger-agent=transport=dt_socket,embedding=1,server=y,suspend=n,address=127.0.0.1:56416
Begin MonoManager ReloadAssembly
Registering precompiled unity dll's ...
Register platform support module: C:/Program Files/Unity/Hub/Editor/2021.3.24f1/Editor/Data/PlaybackEngines/WindowsStandaloneSupport/UnityEditor.WindowsStandalone.Extensions.dll
Registered in 0.003255 seconds.
Native extension for WindowsStandalone target not found
Refreshing native plugins compatible for Editor in 55.12 ms, found 3 plugins.
Preloading 0 native plugins for Editor in 0.00 ms.
Mono: successfully reloaded assembly
- Completed reload, in  0.521 seconds
Domain Reload Profiling:
	ReloadAssembly (522ms)
		BeginReloadAssembly (64ms)
			ExecutionOrderSort (0ms)
			DisableScriptedObjects (0ms)
			BackupInstance (0ms)
			ReleaseScriptingObjects (0ms)
			CreateAndSetChildDomain (1ms)
		EndReloadAssembly (383ms)
			LoadAssemblies (63ms)
			RebuildTransferFunctionScriptingTraits (0ms)
			SetupTypeCache (110ms)
			ReleaseScriptCaches (0ms)
			RebuildScriptCaches (22ms)
			SetupLoadedEditorAssemblies (212ms)
				LogAssemblyErrors (0ms)
				InitializePlatformSupportModulesInManaged (6ms)
				SetLoadedEditorAssemblies (0ms)
				RefreshPlugins (55ms)
				BeforeProcessingInitializeOnLoad (1ms)
				ProcessInitializeOnLoadAttributes (110ms)
				ProcessInitializeOnLoadMethodAttributes (39ms)
				AfterProcessingInitializeOnLoad (0ms)
				EditorAssembliesLoaded (0ms)
			ExecutionOrderSort2 (0ms)
			AwakeInstancesAfterBackupRestoration (0ms)
Platform modules already initialized, skipping
Registering precompiled user dll's ...
Registered in 0.003448 seconds.
Begin MonoManager ReloadAssembly
Symbol file LoadedFromMemory doesn't match image C:\Users\yasin\OneDrive\Belgeler\Win-War\Win-War\Library\PackageCache\com.unity.visualscripting@1.8.0\Editor\VisualScripting.Core\Dependencies\YamlDotNet\Unity.VisualScripting.YamlDotNet.dll
Symbol file LoadedFromMemory doesn't match image C:\Users\yasin\OneDrive\Belgeler\Win-War\Win-War\Library\PackageCache\com.unity.visualscripting@1.8.0\Editor\VisualScripting.Core\Dependencies\DotNetZip\Unity.VisualScripting.IonicZip.dll
Native extension for WindowsStandalone target not found
Refreshing native plugins compatible for Editor in 0.54 ms, found 3 plugins.
Preloading 0 native plugins for Editor in 0.00 ms.
Mono: successfully reloaded assembly
- Completed reload, in  0.899 seconds
Domain Reload Profiling:
	ReloadAssembly (900ms)
		BeginReloadAssembly (97ms)
			ExecutionOrderSort (0ms)
			DisableScriptedObjects (5ms)
			BackupInstance (0ms)
			ReleaseScriptingObjects (0ms)
			CreateAndSetChildDomain (18ms)
		EndReloadAssembly (722ms)
			LoadAssemblies (65ms)
			RebuildTransferFunctionScriptingTraits (0ms)
			SetupTypeCache (299ms)
			ReleaseScriptCaches (1ms)
			RebuildScriptCaches (44ms)
			SetupLoadedEditorAssemblies (281ms)
				LogAssemblyErrors (0ms)
				InitializePlatformSupportModulesInManaged (4ms)
				SetLoadedEditorAssemblies (0ms)
				RefreshPlugins (1ms)
				BeforeProcessingInitializeOnLoad (63ms)
				ProcessInitializeOnLoadAttributes (187ms)
				ProcessInitializeOnLoadMethodAttributes (21ms)
				AfterProcessingInitializeOnLoad (4ms)
				EditorAssembliesLoaded (0ms)
			ExecutionOrderSort2 (0ms)
			AwakeInstancesAfterBackupRestoration (5ms)
Platform modules already initialized, skipping
========================================================================
Worker process is ready to serve import requests
Launched and connected shader compiler UnityShaderCompiler.exe after 0.06 seconds
Refreshing native plugins compatible for Editor in 1.16 ms, found 3 plugins.
Preloading 0 native plugins for Editor in 0.00 ms.
Unloading 3047 Unused Serialized files (Serialized files now loaded: 0)
Unloading 24 unused Assets / (113.4 KB). Loaded Objects now: 3508.
Memory consumption went from 107.6 MB to 107.5 MB.
Total: 3.164800 ms (FindLiveObjects: 0.279400 ms CreateObjectMapping: 0.133300 ms MarkObjects: 2.610000 ms  DeleteObjects: 0.141200 ms)

AssetImportParameters requested are different than current active one (requested -> active):
  custom:video-decoder-ogg-theora: a1e56fd34408186e4bbccfd4996cb3dc -> 
  custom:container-muxer-webm: aa71ff27fc2769a1b78a27578f13a17b -> 
  custom:container-demuxer-webm: 4f35f7cbe854078d1ac9338744f61a02 -> 
  custom:video-encoder-webm-vp8: eb34c28f22e8b96e1ab97ce403110664 -> 
  custom:video-codec-MediaFoundation-h265: 746d11721c4dcdbdad8f713fa42b33f4 -> 
  custom:audio-encoder-webm-vorbis: bf7c407c2cedff20999df2af8eb42d56 -> 
  custom:framework-win-MediaFoundation: 216162199b28c13a410421893ffa2e32 -> 
  custom:container-demuxer-ogg: 62fdf1f143b41e24485cea50d1cbac27 -> 
  custom:video-decoder-webm-vp8: 9c59270c3fd7afecdb556c50c9e8de78 -> 
  custom:audio-decoder-ogg-vorbis: bf7c407c2cedff20999df2af8eb42d56 -> 
========================================================================
Received Import Request.
  Time since last request: 74156.225318 seconds.
  path: Assets/Karakter animasyon/karakter.controller
  artifactKey: Guid(43e6397459b01024abacc6747445a4bb) Importer(815301076,1909f56bfc062723c751e8b465ee728b)
Start importing Assets/Karakter animasyon/karakter.controller using Guid(43e6397459b01024abacc6747445a4bb) Importer(815301076,1909f56bfc062723c751e8b465ee728b)  -> (artifact id: '455fb64af6a50827ca0d1da7c84bd364') in 0.039681 seconds 
========================================================================
Received Import Request.
  Time since last request: 6.638605 seconds.
  path: Assets/Karakter
  artifactKey: Guid(79933a7e3da02a24bbd816b85c281608) Importer(815301076,1909f56bfc062723c751e8b465ee728b)
Start importing Assets/Karakter using Guid(79933a7e3da02a24bbd816b85c281608) Importer(815301076,1909f56bfc062723c751e8b465ee728b)  -> (artifact id: '64d93f2ed5f3d0d764e68f630ccba47d') in 0.010760 seconds 
========================================================================
Received Import Request.
  Time since last request: 9.884799 seconds.
  path: Assets/Karakter/New Folder
  artifactKey: Guid(ab3afe0e7af430e40bce4a64ec5cd26b) Importer(815301076,1909f56bfc062723c751e8b465ee728b)
Start importing Assets/Karakter/New Folder using Guid(ab3afe0e7af430e40bce4a64ec5cd26b) Importer(815301076,1909f56bfc062723c751e8b465ee728b)  -> (artifact id: '2671e1509f8d5a773e6609c4fc9f01ee') in 0.013104 seconds 
========================================================================
Received Import Request.
  Time since last request: 28.199729 seconds.
  path: Assets/Karakter/Karakter Haraket/YavaşYürüyüş.fbx
  artifactKey: Guid(13f7aceaf4089ba499d3120bafec7e57) Importer(815301076,1909f56bfc062723c751e8b465ee728b)
Start importing Assets/Karakter/Karakter Haraket/YavaşYürüyüş.fbx using Guid(13f7aceaf4089ba499d3120bafec7e57) Importer(815301076,1909f56bfc062723c751e8b465ee728b)  -> (artifact id: '3dabd81ecc676ec5a8e259251061cd4f') in 0.166702 seconds 
========================================================================
Received Import Request.
  Time since last request: 5.567948 seconds.
  path: Assets/Karakter/Karakter Haraket/DürbünAçıkKoşu.fbx
  artifactKey: Guid(7a21b4ab60ee58f4f9fc4a4f97229e91) Importer(815301076,1909f56bfc062723c751e8b465ee728b)
Start importing Assets/Karakter/Karakter Haraket/DürbünAçıkKoşu.fbx using Guid(7a21b4ab60ee58f4f9fc4a4f97229e91) Importer(815301076,1909f56bfc062723c751e8b465ee728b)  -> (artifact id: 'd85d20f97419ded6ea994215d2fd7957') in 0.059080 seconds 
========================================================================
Received Import Request.
  Time since last request: 199.149280 seconds.
  path: Assets/Karakter/Karakter Haraket/DürbünAçıkKoşu.fbx
  artifactKey: Guid(7a21b4ab60ee58f4f9fc4a4f97229e91) Importer(815301076,1909f56bfc062723c751e8b465ee728b)
Start importing Assets/Karakter/Karakter Haraket/DürbünAçıkKoşu.fbx using Guid(7a21b4ab60ee58f4f9fc4a4f97229e91) Importer(815301076,1909f56bfc062723c751e8b465ee728b)  -> (artifact id: '5f23320566f2fc67326dfe86f93e385c') in 0.052266 seconds 
========================================================================
Received Import Request.
  Time since last request: 12.544676 seconds.
  path: Assets/Karakter/Karakter Haraket/DürbünAçıkKoşu.fbx
  artifactKey: Guid(7a21b4ab60ee58f4f9fc4a4f97229e91) Importer(815301076,1909f56bfc062723c751e8b465ee728b)
Start importing Assets/Karakter/Karakter Haraket/DürbünAçıkKoşu.fbx using Guid(7a21b4ab60ee58f4f9fc4a4f97229e91) Importer(815301076,1909f56bfc062723c751e8b465ee728b)  -> (artifact id: '0066810be010941c9e92cf80c253e176') in 0.051154 seconds 
========================================================================
Received Import Request.
  Time since last request: 11.891813 seconds.
  path: Assets/Karakter/Karakter Haraket/DürbünAçıkKoşu.fbx
  artifactKey: Guid(7a21b4ab60ee58f4f9fc4a4f97229e91) Importer(815301076,1909f56bfc062723c751e8b465ee728b)
Start importing Assets/Karakter/Karakter Haraket/DürbünAçıkKoşu.fbx using Guid(7a21b4ab60ee58f4f9fc4a4f97229e91) Importer(815301076,1909f56bfc062723c751e8b465ee728b)  -> (artifact id: '1c64bd63787d696398f2ddf0013d3670') in 0.188217 seconds 
========================================================================
Received Import Request.
  Time since last request: 0.000043 seconds.
  path: Assets/Karakter/Karakter Haraket/Ch15_1002_Normal.png
  artifactKey: Guid(e3532deb5177faf4fb1f944fc22d2be8) Importer(815301076,1909f56bfc062723c751e8b465ee728b)
Start importing Assets/Karakter/Karakter Haraket/Ch15_1002_Normal.png using Guid(e3532deb5177faf4fb1f944fc22d2be8) Importer(815301076,1909f56bfc062723c751e8b465ee728b)  -> (artifact id: '888e4d39834af3b84bda3155427a8de1') in 0.041004 seconds 
========================================================================
Received Import Request.
  Time since last request: 0.000051 seconds.
  path: Assets/Karakter/Karakter Haraket/Ch15_1002_Emissive.png
  artifactKey: Guid(c435cce33733d4d4fad5d602023311cb) Importer(815301076,1909f56bfc062723c751e8b465ee728b)
Start importing Assets/Karakter/Karakter Haraket/Ch15_1002_Emissive.png using Guid(c435cce33733d4d4fad5d602023311cb) Importer(815301076,1909f56bfc062723c751e8b465ee728b)  -> (artifact id: '345e272c87fd2d4b8c4a9c262e12cf5f') in 0.023130 seconds 
========================================================================
Received Import Request.
  Time since last request: 0.000029 seconds.
  path: Assets/Karakter/Karakter Haraket/Ch15_1001_Glossiness.png
  artifactKey: Guid(fa59b58bed616a14cab75aa71269252a) Importer(815301076,1909f56bfc062723c751e8b465ee728b)
Start importing Assets/Karakter/Karakter Haraket/Ch15_1001_Glossiness.png using Guid(fa59b58bed616a14cab75aa71269252a) Importer(815301076,1909f56bfc062723c751e8b465ee728b)  -> (artifact id: 'fd4009404875e481e2dbfa605cf183b1') in 0.026741 seconds 
========================================================================
Received Import Request.
  Time since last request: 0.000064 seconds.
  path: Assets/Karakter/Karakter Haraket/Ch15_1001_Normal.png
  artifactKey: Guid(f14628fe8954ccf4fa7c440fe36e48fc) Importer(815301076,1909f56bfc062723c751e8b465ee728b)
Start importing Assets/Karakter/Karakter Haraket/Ch15_1001_Normal.png using Guid(f14628fe8954ccf4fa7c440fe36e48fc) Importer(815301076,1909f56bfc062723c751e8b465ee728b)  -> (artifact id: '54e1f80233d3764b298b30fe0b10477f') in 0.026666 seconds 
========================================================================
Received Import Request.
  Time since last request: 0.000030 seconds.
  path: Assets/Karakter/Karakter Haraket/Ch15_1002_Glossiness.png
  artifactKey: Guid(691cfbf48cba3464d8a66649ef71200d) Importer(815301076,1909f56bfc062723c751e8b465ee728b)
Start importing Assets/Karakter/Karakter Haraket/Ch15_1002_Glossiness.png using Guid(691cfbf48cba3464d8a66649ef71200d) Importer(815301076,1909f56bfc062723c751e8b465ee728b)  -> (artifact id: '155060948c2d174539950b299cc08c2e') in 0.029153 seconds 
========================================================================
Received Import Request.
  Time since last request: 0.000061 seconds.
  path: Assets/Karakter/Karakter Haraket/Ch15_1001_Specular.png
  artifactKey: Guid(bcc9ab8c3eb6280459b3980a3af42510) Importer(815301076,1909f56bfc062723c751e8b465ee728b)
Start importing Assets/Karakter/Karakter Haraket/Ch15_1001_Specular.png using Guid(bcc9ab8c3eb6280459b3980a3af42510) Importer(815301076,1909f56bfc062723c751e8b465ee728b)  -> (artifact id: 'a755bba781f22f75718fb0922d3fc633') in 0.025122 seconds 
Editor requested this worker to shutdown with reason: Scaling down because of idle timeout
AssetImportWorker is now disconnected from the server
Process exiting
Exiting without the bug reporter. Application will terminate with return code 0